<?xml version="1.0" encoding="UTF-8"?>
<robot generator="Robot 7.3.2 (Python 3.13.7 on win32)" generated="2025-09-15T12:44:58.888745" rpa="false" schemaversion="5">
<suite id="s1" name="Aula &amp; Aula">
<suite id="s1-s1" name="Aula" source="c:\Users\caioa\OneDrive\Área de Trabalho\Pós Desenvolvimento e Testes de Software\3 - Metodologias Ágeis, Testes e Qualidade de Software\Hands-On\Robot\aula.Robot">
<test id="s1-s1-t1" name="Cenário 1: Abrir página" line="5">
<kw name="Dado usuario que acessa a pagina">
<kw name="Open Browser" owner="SeleniumLibrary">
<msg time="2025-09-15T12:44:59.282979" level="INFO">Opening browser 'firefox' to base url 'https://www.saucedemo.com/'.</msg>
<arg>https://www.saucedemo.com/</arg>
<arg>firefox</arg>
<doc>Opens a new browser instance to the optional ``url``.</doc>
<status status="PASS" start="2025-09-15T12:44:59.282494" elapsed="7.097623"/>
</kw>
<status status="PASS" start="2025-09-15T12:44:59.280960" elapsed="7.099486"/>
</kw>
<kw name="E informo o login e senha no sistema">
<kw name="Input Text" owner="SeleniumLibrary">
<msg time="2025-09-15T12:45:06.386947" level="INFO">Typing text 'standard_user' into text field 'id:user-name'.</msg>
<arg>id:user-name</arg>
<arg>standard_user</arg>
<doc>Types the given ``text`` into the text field identified by ``locator``.</doc>
<status status="PASS" start="2025-09-15T12:45:06.386288" elapsed="0.138709"/>
</kw>
<kw name="Input Text" owner="SeleniumLibrary">
<msg time="2025-09-15T12:45:06.525694" level="INFO">Typing text 'secret_sauce' into text field 'id:password'.</msg>
<arg>id:password</arg>
<arg>secret_sauce</arg>
<doc>Types the given ``text`` into the text field identified by ``locator``.</doc>
<status status="PASS" start="2025-09-15T12:45:06.525299" elapsed="0.070756"/>
</kw>
<status status="PASS" start="2025-09-15T12:45:06.385386" elapsed="0.211013"/>
</kw>
<kw name="E clico no botao para acessar o sistema">
<kw name="Click Button" owner="SeleniumLibrary">
<msg time="2025-09-15T12:45:06.600615" level="INFO">Clicking button 'id:login-button'.</msg>
<arg>id:login-button</arg>
<doc>Clicks the button identified by ``locator``.</doc>
<status status="PASS" start="2025-09-15T12:45:06.600132" elapsed="0.134041"/>
</kw>
<status status="PASS" start="2025-09-15T12:45:06.598963" elapsed="0.135763"/>
</kw>
<kw name="E Desejo incluir produtos no carrinho">
<kw name="Click Button" owner="SeleniumLibrary">
<msg time="2025-09-15T12:45:06.757583" level="INFO">Clicking button 'id:add-to-cart-sauce-labs-backpack'.</msg>
<arg>id:add-to-cart-sauce-labs-backpack</arg>
<doc>Clicks the button identified by ``locator``.</doc>
<status status="PASS" start="2025-09-15T12:45:06.757230" elapsed="0.101501"/>
</kw>
<kw name="Click Button" owner="SeleniumLibrary">
<msg time="2025-09-15T12:45:06.859487" level="INFO">Clicking button 'id:add-to-cart-sauce-labs-bike-light'.</msg>
<arg>id:add-to-cart-sauce-labs-bike-light</arg>
<doc>Clicks the button identified by ``locator``.</doc>
<status status="PASS" start="2025-09-15T12:45:06.859056" elapsed="0.081332"/>
</kw>
<kw name="Click Button" owner="SeleniumLibrary">
<msg time="2025-09-15T12:45:06.941055" level="INFO">Clicking button 'id:add-to-cart-sauce-labs-bolt-t-shirt'.</msg>
<arg>id:add-to-cart-sauce-labs-bolt-t-shirt</arg>
<doc>Clicks the button identified by ``locator``.</doc>
<status status="PASS" start="2025-09-15T12:45:06.940680" elapsed="0.148254"/>
</kw>
<status status="PASS" start="2025-09-15T12:45:06.756663" elapsed="0.332538"/>
</kw>
<kw name="E Abra o Carrinho">
<kw name="Click Element" owner="SeleniumLibrary">
<msg time="2025-09-15T12:45:07.095456" level="INFO">Clicking element 'id:shopping_cart_container'.</msg>
<arg>id:shopping_cart_container</arg>
<doc>Click the element identified by ``locator``.</doc>
<status status="PASS" start="2025-09-15T12:45:07.094975" elapsed="0.071571"/>
</kw>
<status status="PASS" start="2025-09-15T12:45:07.094132" elapsed="0.072664"/>
</kw>
<kw name="E Faca Checkout">
<kw name="Click Button" owner="SeleniumLibrary">
<msg time="2025-09-15T12:45:07.168458" level="INFO">Clicking button 'id:checkout'.</msg>
<arg>id:checkout</arg>
<doc>Clicks the button identified by ``locator``.</doc>
<status status="PASS" start="2025-09-15T12:45:07.168089" elapsed="0.079361"/>
</kw>
<status status="PASS" start="2025-09-15T12:45:07.167547" elapsed="0.080142"/>
</kw>
<kw name="E Informa os dados par entrega">
<kw name="Input Text" owner="SeleniumLibrary">
<msg time="2025-09-15T12:45:07.249228" level="INFO">Typing text 'Caio' into text field 'id:first-name'.</msg>
<arg>id:first-name</arg>
<arg>Caio</arg>
<doc>Types the given ``text`` into the text field identified by ``locator``.</doc>
<status status="PASS" start="2025-09-15T12:45:07.248821" elapsed="0.099248"/>
</kw>
<kw name="Input Text" owner="SeleniumLibrary">
<msg time="2025-09-15T12:45:07.348888" level="INFO">Typing text 'Amaro' into text field 'id:last-name'.</msg>
<arg>id:last-name</arg>
<arg>Amaro</arg>
<doc>Types the given ``text`` into the text field identified by ``locator``.</doc>
<status status="PASS" start="2025-09-15T12:45:07.348452" elapsed="0.037676"/>
</kw>
<kw name="Input Text" owner="SeleniumLibrary">
<msg time="2025-09-15T12:45:07.386825" level="INFO">Typing text '12345' into text field 'id:postal-code'.</msg>
<arg>id:postal-code</arg>
<arg>12345</arg>
<doc>Types the given ``text`` into the text field identified by ``locator``.</doc>
<status status="PASS" start="2025-09-15T12:45:07.386427" elapsed="0.036720"/>
</kw>
<status status="PASS" start="2025-09-15T12:45:07.248222" elapsed="0.175166"/>
</kw>
<kw name="E finaliza a Compra">
<kw name="Click Button" owner="SeleniumLibrary">
<msg time="2025-09-15T12:45:07.424755" level="INFO">Clicking button 'id:continue'.</msg>
<arg>id:continue</arg>
<doc>Clicks the button identified by ``locator``.</doc>
<status status="PASS" start="2025-09-15T12:45:07.424404" elapsed="0.084913"/>
</kw>
<kw name="Click Button" owner="SeleniumLibrary">
<msg time="2025-09-15T12:45:07.509998" level="INFO">Clicking button 'id:finish'.</msg>
<arg>id:finish</arg>
<doc>Clicks the button identified by ``locator``.</doc>
<status status="PASS" start="2025-09-15T12:45:07.509607" elapsed="0.095775"/>
</kw>
<status status="PASS" start="2025-09-15T12:45:07.423904" elapsed="0.181717"/>
</kw>
<status status="PASS" start="2025-09-15T12:44:59.280020" elapsed="8.326101"/>
</test>
<status status="PASS" start="2025-09-15T12:44:58.923179" elapsed="8.684959"/>
</suite>
<suite id="s1-s2" name="Aula" source="c:\Users\caioa\OneDrive\Área de Trabalho\Pós Desenvolvimento e Testes de Software\3 - Metodologias Ágeis, Testes e Qualidade de Software\Hands-On\Robot\aula.robot">
<test id="s1-s2-t1" name="Cenário 1: Abrir página" line="5">
<kw name="Dado usuario que acessa a pagina">
<kw name="Open Browser" owner="SeleniumLibrary">
<msg time="2025-09-15T12:45:07.616628" level="INFO">Opening browser 'firefox' to base url 'https://www.saucedemo.com/'.</msg>
<arg>https://www.saucedemo.com/</arg>
<arg>firefox</arg>
<doc>Opens a new browser instance to the optional ``url``.</doc>
<status status="PASS" start="2025-09-15T12:45:07.616299" elapsed="7.732324"/>
</kw>
<status status="PASS" start="2025-09-15T12:45:07.615899" elapsed="7.733037"/>
</kw>
<kw name="E informo o login e senha no sistema">
<kw name="Input Text" owner="SeleniumLibrary">
<msg time="2025-09-15T12:45:15.350303" level="INFO">Typing text 'standard_user' into text field 'id:user-name'.</msg>
<arg>id:user-name</arg>
<arg>standard_user</arg>
<doc>Types the given ``text`` into the text field identified by ``locator``.</doc>
<status status="PASS" start="2025-09-15T12:45:15.349975" elapsed="0.165818"/>
</kw>
<kw name="Input Text" owner="SeleniumLibrary">
<msg time="2025-09-15T12:45:15.516377" level="INFO">Typing text 'secret_sauce' into text field 'id:password'.</msg>
<arg>id:password</arg>
<arg>secret_sauce</arg>
<doc>Types the given ``text`` into the text field identified by ``locator``.</doc>
<status status="PASS" start="2025-09-15T12:45:15.516087" elapsed="0.086689"/>
</kw>
<status status="PASS" start="2025-09-15T12:45:15.349542" elapsed="0.253768"/>
</kw>
<kw name="E clico no botao para acessar o sistema">
<kw name="Click Button" owner="SeleniumLibrary">
<msg time="2025-09-15T12:45:15.612125" level="INFO">Clicking button 'id:login-button'.</msg>
<arg>id:login-button</arg>
<doc>Clicks the button identified by ``locator``.</doc>
<status status="PASS" start="2025-09-15T12:45:15.611840" elapsed="0.145194"/>
</kw>
<status status="PASS" start="2025-09-15T12:45:15.611395" elapsed="0.146084"/>
</kw>
<kw name="E Desejo incluir produtos no carrinho">
<kw name="Click Button" owner="SeleniumLibrary">
<msg time="2025-09-15T12:45:15.759757" level="INFO">Clicking button 'id:add-to-cart-sauce-labs-backpack'.</msg>
<arg>id:add-to-cart-sauce-labs-backpack</arg>
<doc>Clicks the button identified by ``locator``.</doc>
<status status="PASS" start="2025-09-15T12:45:15.759338" elapsed="0.105549"/>
</kw>
<kw name="Click Button" owner="SeleniumLibrary">
<msg time="2025-09-15T12:45:15.865453" level="INFO">Clicking button 'id:add-to-cart-sauce-labs-bike-light'.</msg>
<arg>id:add-to-cart-sauce-labs-bike-light</arg>
<doc>Clicks the button identified by ``locator``.</doc>
<status status="PASS" start="2025-09-15T12:45:15.865179" elapsed="0.119616"/>
</kw>
<kw name="Click Button" owner="SeleniumLibrary">
<msg time="2025-09-15T12:45:15.985980" level="INFO">Clicking button 'id:add-to-cart-sauce-labs-bolt-t-shirt'.</msg>
<arg>id:add-to-cart-sauce-labs-bolt-t-shirt</arg>
<doc>Clicks the button identified by ``locator``.</doc>
<status status="PASS" start="2025-09-15T12:45:15.985477" elapsed="0.071520"/>
</kw>
<status status="PASS" start="2025-09-15T12:45:15.758809" elapsed="0.298417"/>
</kw>
<kw name="E Abra o Carrinho">
<kw name="Click Element" owner="SeleniumLibrary">
<msg time="2025-09-15T12:45:16.066975" level="INFO">Clicking element 'id:shopping_cart_container'.</msg>
<arg>id:shopping_cart_container</arg>
<doc>Click the element identified by ``locator``.</doc>
<status status="PASS" start="2025-09-15T12:45:16.066683" elapsed="0.087246"/>
</kw>
<status status="PASS" start="2025-09-15T12:45:16.066246" elapsed="0.087925"/>
</kw>
<kw name="E Faca Checkout">
<kw name="Click Button" owner="SeleniumLibrary">
<msg time="2025-09-15T12:45:16.155416" level="INFO">Clicking button 'id:checkout'.</msg>
<arg>id:checkout</arg>
<doc>Clicks the button identified by ``locator``.</doc>
<status status="PASS" start="2025-09-15T12:45:16.155135" elapsed="0.077607"/>
</kw>
<status status="PASS" start="2025-09-15T12:45:16.154728" elapsed="0.078249"/>
</kw>
<kw name="E Informa os dados par entrega">
<kw name="Input Text" owner="SeleniumLibrary">
<msg time="2025-09-15T12:45:16.234218" level="INFO">Typing text 'Caio' into text field 'id:first-name'.</msg>
<arg>id:first-name</arg>
<arg>Caio</arg>
<doc>Types the given ``text`` into the text field identified by ``locator``.</doc>
<status status="PASS" start="2025-09-15T12:45:16.233932" elapsed="0.038081"/>
</kw>
<kw name="Input Text" owner="SeleniumLibrary">
<msg time="2025-09-15T12:45:16.272661" level="INFO">Typing text 'Amaro' into text field 'id:last-name'.</msg>
<arg>id:last-name</arg>
<arg>Amaro</arg>
<doc>Types the given ``text`` into the text field identified by ``locator``.</doc>
<status status="PASS" start="2025-09-15T12:45:16.272311" elapsed="0.034682"/>
</kw>
<kw name="Input Text" owner="SeleniumLibrary">
<msg time="2025-09-15T12:45:16.307583" level="INFO">Typing text '12345' into text field 'id:postal-code'.</msg>
<arg>id:postal-code</arg>
<arg>12345</arg>
<doc>Types the given ``text`` into the text field identified by ``locator``.</doc>
<status status="PASS" start="2025-09-15T12:45:16.307295" elapsed="0.097336"/>
</kw>
<status status="PASS" start="2025-09-15T12:45:16.233515" elapsed="0.171367"/>
</kw>
<kw name="E finaliza a Compra">
<kw name="Click Button" owner="SeleniumLibrary">
<msg time="2025-09-15T12:45:16.409869" level="INFO">Clicking button 'id:continue'.</msg>
<arg>id:continue</arg>
<doc>Clicks the button identified by ``locator``.</doc>
<status status="PASS" start="2025-09-15T12:45:16.409568" elapsed="0.086248"/>
</kw>
<kw name="Click Button" owner="SeleniumLibrary">
<msg time="2025-09-15T12:45:16.496384" level="INFO">Clicking button 'id:finish'.</msg>
<arg>id:finish</arg>
<doc>Clicks the button identified by ``locator``.</doc>
<status status="PASS" start="2025-09-15T12:45:16.496110" elapsed="0.079132"/>
</kw>
<status status="PASS" start="2025-09-15T12:45:16.409135" elapsed="0.166391"/>
</kw>
<status status="PASS" start="2025-09-15T12:45:07.614586" elapsed="8.961666"/>
</test>
<status status="PASS" start="2025-09-15T12:45:07.610139" elapsed="8.967918"/>
</suite>
<status status="PASS" start="2025-09-15T12:44:58.894251" elapsed="17.686942"/>
</suite>
<statistics>
<total>
<stat pass="2" fail="0" skip="0">All Tests</stat>
</total>
<tag>
</tag>
<suite>
<stat name="Aula &amp; Aula" id="s1" pass="2" fail="0" skip="0">Aula &amp; Aula</stat>
<stat name="Aula" id="s1-s1" pass="1" fail="0" skip="0">Aula &amp; Aula.Aula</stat>
<stat name="Aula" id="s1-s2" pass="1" fail="0" skip="0">Aula &amp; Aula.Aula</stat>
</suite>
</statistics>
<errors>
</errors>
</robot>
